[2025-07-18 17:18:01] [ERROR] ❌ Failed to load model[Errno 2] No such file or directory: 'YOLOv8n.pt'
[2025-07-18 17:18:02] [ERROR] ❌ Failed to load model[Errno 2] No such file or directory: 'YOLOv8n.pt'
[2025-07-18 17:18:26] [ERROR] ❌ YOLO model is not loaded, cannot run detection.
[2025-07-18 17:20:11] [ERROR] ❌ Failed to load model[Errno 2] No such file or directory: 'YOLOv8n.pt'
[2025-07-18 17:23:34] [ERROR] ❌ Failed to load model[Errno 2] No such file or directory: 'YOLOv8n.pt'
[2025-07-18 17:23:50] [ERROR] ❌ Failed to load model[Errno 2] No such file or directory: 'YOLOv8n.pt'
[2025-07-18 17:23:52] [ERROR] ❌ Failed to load model[Errno 2] No such file or directory: 'YOLOv8n.pt'
[2025-07-18 17:25:16] [ERROR] ❌ Failed to load model[Errno 2] No such file or directory: 'YOLOv8n.pt'
[2025-07-18 17:25:17] [ERROR] ❌ Failed to load model[Errno 2] No such file or directory: 'YOLOv8n.pt'
[2025-07-18 17:25:30] [ERROR] ❌ Failed to load model[Errno 2] No such file or directory: 'YOLOv8n.pt'
[2025-07-18 17:25:33] [ERROR] ❌ YOLO model is not loaded, cannot run detection.
[2025-07-18 17:26:18] [INFO] ✅ Model loaded
[2025-07-18 17:26:30] [INFO] ✅ Model loaded
[2025-07-18 17:26:42] [INFO] ✅ Model loaded
[2025-07-18 17:27:02] [INFO] ✅ YOLO detection completed, results saved to /home/umberto/Desktop/visioncheck/data/yolo_5dcfbf472f8b41cbbcf4b1d71a902fcd.jpg
[2025-07-18 17:28:36] [INFO] ✅ Model loaded
[2025-07-18 17:28:37] [INFO] ✅ Model loaded
[2025-07-18 17:28:42] [INFO] ✅ YOLO detection completed, results saved to /home/umberto/Desktop/visioncheck/data/yolo_81d476c4ce9a4624894128ccab5f3a85.jpg
[2025-07-18 17:29:48] [INFO] ✅ Model loaded
[2025-07-18 17:29:53] [INFO] ✅ YOLO detection completed, results saved to /home/umberto/Desktop/visioncheck/data/yolo_3c2c4213f1cd4a15b2f968798e34c669.jpg
[2025-07-18 17:30:26] [INFO] ✅ Model loaded
[2025-07-18 17:30:29] [INFO] ✅ Model loaded
[2025-07-18 18:01:18] [INFO] ✅ Model loaded
[2025-07-18 18:01:21] [INFO] ✅ Model loaded
[2025-07-18 18:01:38] [INFO] ✅ YOLO detection completed, results saved to /home/umberto/Desktop/visioncheck/data/yolo/yolo_a640509468a140d0b2dccd0ec6faaf1b.jpg
[2025-07-21 09:53:13] [INFO] ✅ Model loaded
[2025-07-21 09:53:16] [INFO] ✅ Model loaded
[2025-07-21 09:53:23] [INFO] ✅ YOLO detection completed, results saved to /home/umberto/Desktop/visioncheck/data/yolo/yolo_029bfa7ba6b74b0da5cd2cdc6e39a1ce.jpg
[2025-07-21 09:53:23] [INFO] ✅ YOLO detection completed, results saved to /home/umberto/Desktop/visioncheck/data/yolo/yolo_fceb8cdadbb04e99bdf385a7ab8d5251.jpg
[2025-07-21 09:55:49] [INFO] ✅ YOLO detection completed, results saved to /home/umberto/Desktop/visioncheck/data/yolo/yolo_eacfa195981845a6b28ed336bd0e8ada.jpg
[2025-07-21 10:01:54] [INFO] ✅ Model loaded
[2025-07-21 10:01:59] [INFO] ✅ Model loaded
[2025-07-21 10:02:02] [INFO] ✅ Model loaded
[2025-07-21 10:02:21] [INFO] ✅ YOLO detection completed, results saved to /home/umberto/Desktop/visioncheck/data/yolo/yolo_e7f5d6df983a4c9fa21a66db9838d7f8.jpg
[2025-07-21 10:05:05] [INFO] ✅ Yolo model loaded
[2025-07-21 10:08:33] [INFO] ✅ Yolo model loaded
[2025-07-21 10:08:49] [INFO] ✅ Yolo model loaded
[2025-07-21 10:10:58] [INFO] ✅ Yolo model loaded
[2025-07-21 10:11:02] [INFO] ✅ Yolo model loaded
[2025-07-21 10:14:24] [INFO] ✅ Yolo model loaded
[2025-07-21 10:14:33] [INFO] ✅ Yolo model loaded
[2025-07-21 10:14:35] [INFO] ✅ Yolo model loaded
[2025-07-21 10:14:41] [INFO] ✅ YOLO detection completed, results saved to /home/umberto/Desktop/visioncheck/data/yolo/yolo_65a3c7a9ba22434a841abfddb0d92256.jpg
[2025-07-21 10:15:55] [INFO] ✅ Yolo model loaded
[2025-07-21 10:16:22] [INFO] ✅ Yolo model loaded
[2025-07-21 10:17:20] [INFO] ✅ Yolo model loaded
[2025-07-21 10:17:25] [INFO] ✅ YOLO detection completed, results saved to /home/umberto/Desktop/visioncheck/data/yolo/yolo_36e970bee21f467d8b48b9bdc62e70b1.jpg
[2025-07-21 10:20:37] [INFO] ✅ Yolo model loaded
[2025-07-21 10:20:41] [INFO] ✅ Yolo model loaded
[2025-07-21 10:22:25] [INFO] ✅ Yolo model loaded
[2025-07-21 10:22:32] [INFO] ✅ Yolo model loaded
[2025-07-21 10:22:34] [INFO] ✅ Yolo model loaded
[2025-07-21 10:23:23] [INFO] ✅ Yolo model loaded
[2025-07-21 10:24:35] [INFO] ✅ Yolo model loaded
[2025-07-21 10:25:05] [INFO] ✅ Yolo model loaded
[2025-07-21 10:25:07] [INFO] ✅ Yolo model loaded
[2025-07-21 10:29:46] [INFO] ✅ Yolo model loaded
[2025-07-21 10:29:48] [INFO] ✅ Yolo model loaded
[2025-07-21 10:33:25] [INFO] ✅ Yolo model loaded
[2025-07-21 10:33:27] [INFO] ✅ Yolo model loaded
[2025-07-21 10:33:52] [INFO] ✅ Yolo model loaded
[2025-07-21 10:33:55] [INFO] ✅ Yolo model loaded
[2025-07-21 10:34:11] [INFO] ✅ Yolo model loaded
[2025-07-21 10:34:13] [INFO] ✅ Yolo model loaded
[2025-07-21 10:34:32] [INFO] ✅ Yolo model loaded
[2025-07-21 10:34:36] [INFO] ✅ Yolo model loaded
[2025-07-21 10:34:39] [INFO] ✅ Yolo model loaded
[2025-07-21 10:35:28] [INFO] ✅ Yolo model loaded
[2025-07-21 10:35:31] [INFO] ✅ Yolo model loaded
[2025-07-21 10:35:46] [INFO] ✅ Yolo model loaded
[2025-07-21 10:35:48] [INFO] ✅ Yolo model loaded
[2025-07-21 10:36:09] [INFO] ✅ Yolo model loaded
[2025-07-21 10:36:11] [INFO] ✅ Yolo model loaded
[2025-07-21 10:36:35] [INFO] ✅ Yolo model loaded
[2025-07-21 10:36:38] [INFO] ✅ Yolo model loaded
[2025-07-21 10:36:52] [INFO] ✅ Yolo model loaded
[2025-07-21 10:36:55] [INFO] ✅ Yolo model loaded
[2025-07-21 10:39:17] [INFO] ✅ Yolo model loaded
[2025-07-21 10:39:20] [INFO] ✅ Yolo model loaded
[2025-07-21 10:41:08] [INFO] ✅ Yolo model loaded
[2025-07-21 10:41:10] [INFO] ✅ Yolo model loaded
[2025-07-21 10:48:33] [INFO] ✅ Yolo model loaded
[2025-07-21 10:48:36] [INFO] ✅ Yolo model loaded
[2025-07-21 10:49:05] [INFO] ✅ Yolo model loaded
[2025-07-21 10:49:08] [INFO] ✅ Yolo model loaded
[2025-07-21 10:53:24] [INFO] ✅ Yolo model loaded
[2025-07-21 10:53:27] [INFO] ✅ Yolo model loaded
[2025-07-21 11:09:39] [INFO] ✅ Yolo model loaded
[2025-07-21 11:09:41] [INFO] ✅ Yolo model loaded
[2025-07-21 11:10:44] [INFO] ✅ Yolo model loaded
[2025-07-21 17:09:24] [INFO] ✅ Yolo model loaded
[2025-07-22 10:22:58] [INFO] ✅ Yolo model loaded
[2025-07-22 10:23:45] [INFO] ✅ Yolo model loaded
[2025-07-22 10:23:51] [INFO] ✅ Yolo model loaded
[2025-07-22 10:35:52] [INFO] ✅ Yolo model loaded
[2025-07-22 10:35:57] [INFO] ✅ Yolo model loaded
[2025-07-22 10:36:15] [INFO] ✅ YOLO detection completed, results saved to /home/umberto/Desktop/visioncheck/data/yolo/yolo_25d55f00cbe34c8aa52b896d0efdd2fe.jpg
[2025-07-22 10:37:52] [INFO] ✅ Yolo model loaded
[2025-07-22 10:40:26] [INFO] ✅ Yolo model loaded
[2025-07-22 10:41:01] [INFO] ✅ Yolo model loaded
[2025-07-22 10:43:21] [INFO] ✅ Yolo model loaded
[2025-07-22 10:43:31] [INFO] ✅ Yolo model loaded
[2025-07-22 10:43:36] [INFO] ✅ Yolo model loaded
[2025-07-22 10:49:20] [INFO] ✅ Yolo model loaded
[2025-07-22 10:49:55] [INFO] ✅ Yolo model loaded
[2025-07-22 10:52:09] [INFO] ✅ Yolo model loaded
[2025-07-22 10:59:23] [INFO] ✅ Yolo model loaded
[2025-07-22 11:51:12] [INFO] ✅ Yolo model loaded
[2025-07-22 12:11:25] [INFO] ✅ Yolo model loaded
[2025-07-22 12:11:30] [INFO] ✅ Yolo model loaded
[2025-07-22 12:12:15] [INFO] ✅ Yolo model loaded
[2025-07-22 12:12:38] [INFO] ✅ YOLO detection completed, results saved to /home/umberto/Desktop/visioncheck/data/yolo/yolo_6fef842626944fe395f9712be56e5b0c.jpg
[2025-07-22 12:24:05] [INFO] ✅ Yolo model loaded
[2025-07-22 12:24:44] [INFO] ✅ Yolo model loaded
[2025-07-22 12:24:47] [INFO] ✅ Yolo model loaded
[2025-07-22 12:24:53] [INFO] ✅ Yolo model loaded
[2025-07-22 12:30:11] [INFO] ✅ Yolo model loaded
[2025-07-22 12:33:09] [INFO] ✅ Yolo model loaded
[2025-07-22 12:42:59] [INFO] ✅ Yolo model loaded
[2025-07-22 12:43:04] [INFO] ✅ Yolo model loaded
[2025-07-22 14:36:53] [INFO] ✅ Yolo model loaded
[2025-07-22 14:36:59] [INFO] ✅ Yolo model loaded
[2025-07-22 14:40:16] [INFO] ✅ Yolo model loaded
[2025-07-22 14:41:10] [INFO] ✅ Yolo model loaded
[2025-07-22 14:41:17] [INFO] ✅ Yolo model loaded
[2025-07-22 14:41:22] [INFO] ✅ Yolo model loaded
[2025-07-22 14:42:14] [INFO] ✅ Yolo model loaded
[2025-07-22 14:43:57] [INFO] ✅ Yolo model loaded
[2025-07-22 14:44:06] [INFO] ✅ Yolo model loaded
[2025-07-22 14:45:16] [INFO] ✅ Yolo model loaded
[2025-07-22 14:45:40] [INFO] ✅ Yolo model loaded
[2025-07-22 14:45:46] [INFO] ✅ Yolo model loaded
[2025-07-22 14:46:45] [INFO] ✅ YOLO detection completed, results saved to /home/umberto/Desktop/visioncheck/data/yolo/yolo_59b34be28db24da68bd98170afd7f239.jpg
[2025-07-22 15:21:32] [INFO] ✅ Yolo model loaded
[2025-07-22 15:46:57] [INFO] ✅ Yolo model loaded
[2025-07-22 15:47:52] [INFO] ✅ Yolo model loaded
[2025-07-22 15:47:57] [INFO] ✅ Yolo model loaded
[2025-07-22 15:48:06] [INFO] ✅ YOLO detection completed, results saved to /home/umberto/Desktop/visioncheck/data/yolo/yolo_d16bb8ac1273471b98f24f5764df5100.jpg
[2025-07-22 16:03:14] [INFO] ✅ Yolo model loaded
[2025-07-22 16:03:20] [INFO] ✅ Yolo model loaded
[2025-07-22 16:03:25] [INFO] ✅ Yolo model loaded
[2025-07-22 16:04:33] [INFO] ✅ Yolo model loaded
[2025-07-22 16:04:59] [INFO] ✅ Yolo model loaded
[2025-07-22 16:05:20] [INFO] ✅ Yolo model loaded
[2025-07-22 16:05:25] [INFO] ✅ Yolo model loaded
[2025-07-22 16:12:51] [INFO] ✅ Yolo model loaded
[2025-07-22 16:20:02] [INFO] ✅ Yolo model loaded
[2025-07-22 16:20:08] [INFO] ✅ Yolo model loaded
[2025-07-22 16:20:13] [INFO] ✅ Yolo model loaded
[2025-07-22 16:24:06] [INFO] ✅ Yolo model loaded
[2025-07-22 16:24:12] [INFO] ✅ Yolo model loaded
[2025-07-22 16:28:01] [INFO] ✅ Yolo model loaded
[2025-07-22 16:28:50] [INFO] ✅ Yolo model loaded
[2025-07-22 16:33:53] [INFO] ✅ Yolo model loaded
[2025-07-22 16:41:40] [INFO] ✅ Yolo model loaded
[2025-07-22 16:56:57] [INFO] ✅ Yolo model loaded
[2025-07-22 17:00:14] [INFO] ✅ Yolo model loaded
[2025-07-22 17:00:41] [INFO] ✅ Yolo model loaded
[2025-07-22 17:03:48] [INFO] ✅ Yolo model loaded
[2025-07-22 17:05:42] [INFO] ✅ Yolo model loaded
[2025-07-22 17:07:43] [INFO] ✅ Yolo model loaded
[2025-07-22 17:08:10] [INFO] ✅ YOLO detection completed, results saved to /home/umberto/Desktop/visioncheck/data/yolo/yolo_94579eed2c2e48ac94f416c0d2f05633.jpg
[2025-07-22 17:09:58] [INFO] ✅ Yolo model loaded
[2025-07-22 17:15:52] [INFO] ✅ Yolo model loaded
[2025-07-22 17:16:44] [INFO] ✅ Yolo model loaded
[2025-07-22 17:19:16] [INFO] ✅ Yolo model loaded
[2025-07-22 17:21:28] [INFO] ✅ Yolo model loaded
[2025-07-22 17:23:30] [INFO] ✅ Yolo model loaded
[2025-07-22 17:24:57] [INFO] ✅ Yolo model loaded
[2025-07-22 17:26:01] [INFO] ✅ Yolo model loaded
[2025-07-22 17:26:40] [INFO] ✅ Yolo model loaded
[2025-09-19 15:18:17] [INFO] ✅ Yolo model loaded
[2025-09-19 15:18:33] [INFO] ✅ Yolo model loaded
[2025-09-19 15:23:32] [INFO] ✅ Yolo model loaded
[2025-09-19 15:23:38] [INFO] ✅ Yolo model loaded
[2025-09-19 15:24:13] [INFO] ✅ YOLO detection completed, results saved to /home/umberto/Desktop/visiofy/visioncheck/data/yolo/yolo_56ee2e11127f43cba2a8d682ccee82ed.jpg
[2025-09-19 15:24:34] [INFO] ✅ YOLO detection completed, results saved to /home/umberto/Desktop/visiofy/visioncheck/data/yolo/yolo_260e416713ad484287a4476c231a181e.jpg
[2025-09-19 15:29:59] [INFO] ✅ Yolo model loaded
[2025-09-19 15:30:07] [INFO] ✅ Yolo model loaded
[2025-09-19 15:30:12] [INFO] ✅ YOLO detection completed, results saved to /home/umberto/Desktop/visiofy/visioncheck/data/yolo/yolo_21af78c72bbf494c8b3b5e5a36849f1d.jpg
[2025-09-19 15:30:15] [INFO] ✅ YOLO detection completed, results saved to /home/umberto/Desktop/visiofy/visioncheck/data/yolo/yolo_49377de4a65248c1ad500ea45bf54394.jpg
[2025-09-19 15:30:17] [INFO] ✅ YOLO detection completed, results saved to /home/umberto/Desktop/visiofy/visioncheck/data/yolo/yolo_37858db3f0c74f199b21c5f099434e8e.jpg
[2025-09-19 15:30:19] [INFO] ✅ YOLO detection completed, results saved to /home/umberto/Desktop/visiofy/visioncheck/data/yolo/yolo_e8e17fc8309c4648a8acd6b804df3414.jpg
[2025-09-19 15:50:17] [INFO] ✅ Yolo model loaded
[2025-09-19 15:57:06] [INFO] ✅ Yolo model loaded
[2025-09-19 15:59:24] [INFO] ✅ Yolo model loaded
[2025-09-19 16:01:12] [INFO] ✅ Yolo model loaded
[2025-09-19 16:02:29] [INFO] ✅ Yolo model loaded
[2025-09-19 16:17:47] [INFO] ✅ Yolo model loaded
[2025-09-19 16:22:16] [INFO] ✅ Yolo model loaded
[2025-09-19 16:22:21] [INFO] ✅ Yolo model loaded
[2025-09-19 16:23:02] [INFO] ✅ YOLO detection completed, results saved to /home/umberto/Desktop/visiofy/visioncheck/data/yolo/yolo_4c388e418e3241028a3fb43b8e403bcf.jpg
[2025-09-19 16:28:59] [INFO] ✅ Yolo model loaded
[2025-09-19 16:29:04] [INFO] ✅ Yolo model loaded
[2025-09-19 16:29:20] [INFO] ✅ YOLO detection completed, results saved to /home/umberto/Desktop/visiofy/visioncheck/data/yolo/yolo_ff7bedef9fe444d897a3d41a89e4f7cc.jpg
[2025-09-19 16:31:54] [INFO] ✅ Yolo model loaded
[2025-09-19 16:31:59] [INFO] ✅ Yolo model loaded
[2025-09-19 16:38:28] [INFO] ✅ Yolo model loaded
[2025-09-19 16:38:34] [INFO] ✅ Yolo model loaded
[2025-09-19 16:38:43] [INFO] ✅ YOLO detection completed, results saved to /home/umberto/Desktop/visiofy/visioncheck/data/yolo/yolo_01ca60d140924e21bdacae8167ea1bd5.jpg
